This is pdfTeX, Version 3.141592653-2.6-1.40.26 (TeX Live 2024) (preloaded format=pdflatex 2024.9.5)  18 MAR 2026 16:22
entering extended mode
 restricted \write18 enabled.
 %&-line parsing enabled.
**\input ./Rd2.tex \input ./Rd2.tex \input ./Rd2.tex
(./Rd2.tex
(/usr/local/texlive/2024/texmf-dist/tex/latex/base/book.cls
Document Class: book 2023/05/17 v1.4n Standard LaTeX document class
(/usr/local/texlive/2024/texmf-dist/tex/latex/base/bk10.clo
File: bk10.clo 2023/05/17 v1.4n Standard LaTeX file (size option)
)
\c@part=\count188
\c@chapter=\count189
\c@section=\count190
\c@subsection=\count191
\c@subsubsection=\count192
\c@paragraph=\count193
\c@subparagraph=\count194
\c@figure=\count195
\c@table=\count196
\abovecaptionskip=\skip48
\belowcaptionskip=\skip49
\bibindent=\dimen140
)
(/Library/Frameworks/R.framework/Resources/share/texmf/tex/latex/Rd.sty
Package: Rd 

(/usr/local/texlive/2024/texmf-dist/tex/latex/base/ifthen.sty
Package: ifthen 2022/04/13 v1.1d Standard LaTeX ifthen package (DPC)
)
(/usr/local/texlive/2024/texmf-dist/tex/generic/iftex/iftex.sty
Package: iftex 2022/02/03 v1.0f TeX engine tests
)
(/usr/local/texlive/2024/texmf-dist/tex/latex/tools/longtable.sty
Package: longtable 2023-11-01 v4.19 Multi-page Table package (DPC)
\LTleft=\skip50
\LTright=\skip51
\LTpre=\skip52
\LTpost=\skip53
\LTchunksize=\count197
\LTcapwidth=\dimen141
\LT@head=\box51
\LT@firsthead=\box52
\LT@foot=\box53
\LT@lastfoot=\box54
\LT@gbox=\box55
\LT@cols=\count198
\LT@rows=\count199
\c@LT@tables=\count266
\c@LT@chunks=\count267
\LT@p@ftn=\toks17
)
(/usr/local/texlive/2024/texmf-dist/tex/latex/tools/bm.sty
Package: bm 2023/07/08 v1.2f Bold Symbol Support (DPC/FMi)
\symboldoperators=\mathgroup4
\symboldletters=\mathgroup5
\symboldsymbols=\mathgroup6
Package bm Info: No bold for \OMX/cmex/m/n, using \pmb.
LaTeX Font Info:    Redeclaring math alphabet \mathbf on input line 149.
)
(/usr/local/texlive/2024/texmf-dist/tex/latex/base/alltt.sty
Package: alltt 2021/01/29 v2.0g defines alltt environment
)
(/usr/local/texlive/2024/texmf-dist/tex/latex/tools/verbatim.sty
Package: verbatim 2023-11-06 v1.5v LaTeX2e package for verbatim enhancements
\every@verbatim=\toks18
\verbatim@line=\toks19
\verbatim@in@stream=\read2
)
(/usr/local/texlive/2024/texmf-dist/tex/latex/url/url.sty
\Urlmuskip=\muskip16
Package: url 2013/09/16  ver 3.4  Verb mode for urls, etc.
)
(/usr/local/texlive/2024/texmf-dist/tex/latex/base/textcomp.sty
Package: textcomp 2020/02/02 v2.0n Standard LaTeX package
)
(/usr/local/texlive/2024/texmf-dist/tex/latex/amsmath/amsmath.sty
Package: amsmath 2023/05/13 v2.17o AMS math features
\@mathmargin=\skip54

For additional information on amsmath, use the `?' option.
(/usr/local/texlive/2024/texmf-dist/tex/latex/amsmath/amstext.sty
Package: amstext 2021/08/26 v2.01 AMS text

(/usr/local/texlive/2024/texmf-dist/tex/latex/amsmath/amsgen.sty
File: amsgen.sty 1999/11/30 v2.0 generic functions
\@emptytoks=\toks20
\ex@=\dimen142
))
(/usr/local/texlive/2024/texmf-dist/tex/latex/amsmath/amsbsy.sty
Package: amsbsy 1999/11/29 v1.2d Bold Symbols
LaTeX Info: Redefining \boldsymbol on input line 28.
\pmbraise@=\dimen143
)
(/usr/local/texlive/2024/texmf-dist/tex/latex/amsmath/amsopn.sty
Package: amsopn 2022/04/08 v2.04 operator names
)
\inf@bad=\count268
LaTeX Info: Redefining \frac on input line 234.
\uproot@=\count269
\leftroot@=\count270
LaTeX Info: Redefining \overline on input line 399.
LaTeX Info: Redefining \colon on input line 410.
\classnum@=\count271
\DOTSCASE@=\count272
LaTeX Info: Redefining \ldots on input line 496.
LaTeX Info: Redefining \dots on input line 499.
LaTeX Info: Redefining \cdots on input line 620.
\Mathstrutbox@=\box56
\strutbox@=\box57
LaTeX Info: Redefining \big on input line 722.
LaTeX Info: Redefining \Big on input line 723.
LaTeX Info: Redefining \bigg on input line 724.
LaTeX Info: Redefining \Bigg on input line 725.
\big@size=\dimen144
LaTeX Font Info:    Redeclaring font encoding OML on input line 743.
LaTeX Font Info:    Redeclaring font encoding OMS on input line 744.
\macc@depth=\count273
LaTeX Info: Redefining \bmod on input line 905.
LaTeX Info: Redefining \pmod on input line 910.
LaTeX Info: Redefining \smash on input line 940.
LaTeX Info: Redefining \relbar on input line 970.
LaTeX Info: Redefining \Relbar on input line 971.
\c@MaxMatrixCols=\count274
\dotsspace@=\muskip17
\c@parentequation=\count275
\dspbrk@lvl=\count276
\tag@help=\toks21
\row@=\count277
\column@=\count278
\maxfields@=\count279
\andhelp@=\toks22
\eqnshift@=\dimen145
\alignsep@=\dimen146
\tagshift@=\dimen147
\tagwidth@=\dimen148
\totwidth@=\dimen149
\lineht@=\dimen150
\@envbody=\toks23
\multlinegap=\skip55
\multlinetaggap=\skip56
\mathdisplay@stack=\toks24
LaTeX Info: Redefining \[ on input line 2953.
LaTeX Info: Redefining \] on input line 2954.
)
(/usr/local/texlive/2024/texmf-dist/tex/latex/amsfonts/amsfonts.sty
Package: amsfonts 2013/01/14 v3.01 Basic AMSFonts support
\symAMSa=\mathgroup7
\symAMSb=\mathgroup8
LaTeX Font Info:    Redeclaring math symbol \hbar on input line 98.
LaTeX Font Info:    Overwriting math alphabet `\mathfrak' in version `bold'
(Font)                  U/euf/m/n --> U/euf/b/n on input line 106.
)
(/usr/local/texlive/2024/texmf-dist/tex/latex/amsfonts/amssymb.sty
Package: amssymb 2013/01/14 v3.01 AMS font symbols
)
(/usr/local/texlive/2024/texmf-dist/tex/latex/jknapltx/mathrsfs.sty
Package: mathrsfs 1996/01/01 Math RSFS package v1.0 (jk)
\symrsfs=\mathgroup9
)
\ldescriptionwidth=\skip57

(/usr/local/texlive/2024/texmf-dist/tex/latex/base/fontenc.sty
Package: fontenc 2021/04/29 v2.0v Standard LaTeX package
)
(/usr/local/texlive/2024/texmf-dist/tex/latex/psnfss/times.sty
Package: times 2020/03/25 PSNFSS-v9.3 (SPQR) 
)
(/usr/local/texlive/2024/texmf-dist/tex/latex/inconsolata/zi4.sty
Package: zi4 2019/05/17 v1.12

`inconsolata-zi4' v1.12, 2019/05/17 Text macros for Inconsolata (msharpe)
(/usr/local/texlive/2024/texmf-dist/tex/latex/xkeyval/xkeyval.sty
Package: xkeyval 2022/06/16 v2.9 package option processing (HA)

(/usr/local/texlive/2024/texmf-dist/tex/generic/xkeyval/xkeyval.tex
(/usr/local/texlive/2024/texmf-dist/tex/generic/xkeyval/xkvutils.tex
\XKV@toks=\toks25
\XKV@tempa@toks=\toks26

(/usr/local/texlive/2024/texmf-dist/tex/generic/xkeyval/keyval.tex))
\XKV@depth=\count280
File: xkeyval.tex 2014/12/03 v2.7a key=value parser (HA)
))
\zifour@ocount=\count281
)
(/usr/local/texlive/2024/texmf-dist/tex/latex/graphics/color.sty
Package: color 2022/01/06 v1.3d Standard LaTeX Color (DPC)

(/usr/local/texlive/2024/texmf-dist/tex/latex/graphics-cfg/color.cfg
File: color.cfg 2016/01/02 v1.6 sample color configuration
)
Package color Info: Driver file: pdftex.def on input line 149.

(/usr/local/texlive/2024/texmf-dist/tex/latex/graphics-def/pdftex.def
File: pdftex.def 2022/09/22 v1.2b Graphics/color driver for pdftex
)
(/usr/local/texlive/2024/texmf-dist/tex/latex/graphics/mathcolor.ltx))
(/usr/local/texlive/2024/texmf-dist/tex/latex/hyperref/hyperref.sty
Package: hyperref 2024-01-20 v7.01h Hypertext links for LaTeX

(/usr/local/texlive/2024/texmf-dist/tex/latex/kvsetkeys/kvsetkeys.sty
Package: kvsetkeys 2022-10-05 v1.19 Key value parser (HO)
)
(/usr/local/texlive/2024/texmf-dist/tex/generic/kvdefinekeys/kvdefinekeys.sty
Package: kvdefinekeys 2019-12-19 v1.6 Define keys (HO)
)
(/usr/local/texlive/2024/texmf-dist/tex/generic/pdfescape/pdfescape.sty
Package: pdfescape 2019/12/09 v1.15 Implements pdfTeX's escape features (HO)

(/usr/local/texlive/2024/texmf-dist/tex/generic/ltxcmds/ltxcmds.sty
Package: ltxcmds 2023-12-04 v1.26 LaTeX kernel commands for general use (HO)
)
(/usr/local/texlive/2024/texmf-dist/tex/generic/pdftexcmds/pdftexcmds.sty
Package: pdftexcmds 2020-06-27 v0.33 Utility functions of pdfTeX for LuaTeX (HO
)

(/usr/local/texlive/2024/texmf-dist/tex/generic/infwarerr/infwarerr.sty
Package: infwarerr 2019/12/03 v1.5 Providing info/warning/error messages (HO)
)
Package pdftexcmds Info: \pdf@primitive is available.
Package pdftexcmds Info: \pdf@ifprimitive is available.
Package pdftexcmds Info: \pdfdraftmode found.
))
(/usr/local/texlive/2024/texmf-dist/tex/latex/hycolor/hycolor.sty
Package: hycolor 2020-01-27 v1.10 Color options for hyperref/bookmark (HO)
)
(/usr/local/texlive/2024/texmf-dist/tex/latex/auxhook/auxhook.sty
Package: auxhook 2019-12-17 v1.6 Hooks for auxiliary files (HO)
)
(/usr/local/texlive/2024/texmf-dist/tex/latex/hyperref/nameref.sty
Package: nameref 2023-11-26 v2.56 Cross-referencing by name of section

(/usr/local/texlive/2024/texmf-dist/tex/latex/refcount/refcount.sty
Package: refcount 2019/12/15 v3.6 Data extraction from label references (HO)
)
(/usr/local/texlive/2024/texmf-dist/tex/generic/gettitlestring/gettitlestring.s
ty
Package: gettitlestring 2019/12/15 v1.6 Cleanup title references (HO)
 (/usr/local/texlive/2024/texmf-dist/tex/latex/kvoptions/kvoptions.sty
Package: kvoptions 2022-06-15 v3.15 Key value format for package options (HO)
))
\c@section@level=\count282
)
(/usr/local/texlive/2024/texmf-dist/tex/latex/etoolbox/etoolbox.sty
Package: etoolbox 2020/10/05 v2.5k e-TeX tools for LaTeX (JAW)
\etb@tempcnta=\count283
)
\@linkdim=\dimen151
\Hy@linkcounter=\count284
\Hy@pagecounter=\count285

(/usr/local/texlive/2024/texmf-dist/tex/latex/hyperref/pd1enc.def
File: pd1enc.def 2024-01-20 v7.01h Hyperref: PDFDocEncoding definition (HO)
Now handling font encoding PD1 ...
... no UTF-8 mapping file for font encoding PD1
)
(/usr/local/texlive/2024/texmf-dist/tex/generic/intcalc/intcalc.sty
Package: intcalc 2019/12/15 v1.3 Expandable calculations with integers (HO)
)
\Hy@SavedSpaceFactor=\count286

(/usr/local/texlive/2024/texmf-dist/tex/latex/hyperref/puenc.def
File: puenc.def 2024-01-20 v7.01h Hyperref: PDF Unicode definition (HO)
Now handling font encoding PU ...
... no UTF-8 mapping file for font encoding PU
)
Package hyperref Info: Hyper figures OFF on input line 4179.
Package hyperref Info: Link nesting OFF on input line 4184.
Package hyperref Info: Hyper index ON on input line 4187.
Package hyperref Info: Plain pages OFF on input line 4194.
Package hyperref Info: Backreferencing OFF on input line 4199.
Package hyperref Info: Implicit mode ON; LaTeX internals redefined.
Package hyperref Info: Bookmarks ON on input line 4446.
\c@Hy@tempcnt=\count287
LaTeX Info: Redefining \url on input line 4784.
\XeTeXLinkMargin=\dimen152

(/usr/local/texlive/2024/texmf-dist/tex/generic/bitset/bitset.sty
Package: bitset 2019/12/09 v1.3 Handle bit-vector datatype (HO)

(/usr/local/texlive/2024/texmf-dist/tex/generic/bigintcalc/bigintcalc.sty
Package: bigintcalc 2019/12/15 v1.5 Expandable calculations on big integers (HO
)
))
\Fld@menulength=\count288
\Field@Width=\dimen153
\Fld@charsize=\dimen154
Package hyperref Info: Hyper figures OFF on input line 6063.
Package hyperref Info: Link nesting OFF on input line 6068.
Package hyperref Info: Hyper index ON on input line 6071.
Package hyperref Info: backreferencing OFF on input line 6078.
Package hyperref Info: Link coloring OFF on input line 6083.
Package hyperref Info: Link coloring with OCG OFF on input line 6088.
Package hyperref Info: PDF/A mode OFF on input line 6093.

(/usr/local/texlive/2024/texmf-dist/tex/latex/base/atbegshi-ltx.sty
Package: atbegshi-ltx 2021/01/10 v1.0c Emulation of the original atbegshi
package with kernel methods
)
\Hy@abspage=\count289
\c@Item=\count290
\c@Hfootnote=\count291
)
Package hyperref Info: Driver (autodetected): hpdftex.

(/usr/local/texlive/2024/texmf-dist/tex/latex/hyperref/hpdftex.def
File: hpdftex.def 2024-01-20 v7.01h Hyperref driver for pdfTeX

(/usr/local/texlive/2024/texmf-dist/tex/latex/base/atveryend-ltx.sty
Package: atveryend-ltx 2020/08/19 v1.0a Emulation of the original atveryend pac
kage
with kernel methods
)
\Fld@listcount=\count292
\c@bookmark@seq@number=\count293

(/usr/local/texlive/2024/texmf-dist/tex/latex/rerunfilecheck/rerunfilecheck.sty
Package: rerunfilecheck 2022-07-10 v1.10 Rerun checks for auxiliary files (HO)

(/usr/local/texlive/2024/texmf-dist/tex/generic/uniquecounter/uniquecounter.sty
Package: uniquecounter 2019/12/15 v1.4 Provide unlimited unique counter (HO)
)
Package uniquecounter Info: New unique counter `rerunfilecheck' on input line 2
85.
)
\Hy@SectionHShift=\skip58
)
Package hyperref Info: Option `colorlinks' set `true' on input line 413.
Package hyperref Info: Option `linktocpage' set `true' on input line 413.
Package hyperref Info: Option `plainpages' set `false' on input line 413.
) (/usr/local/texlive/2024/texmf-dist/tex/latex/base/makeidx.sty
Package: makeidx 2021/10/04 v1.0m Standard LaTeX package
)
\@indexfile=\write3
\openout3 = `Rd2.idx'.


Writing index file Rd2.idx
LaTeX Font Info:    Trying to load font information for T1+ptm on input line 8.

(/usr/local/texlive/2024/texmf-dist/tex/latex/psnfss/t1ptm.fd
File: t1ptm.fd 2001/06/04 font definitions for T1/ptm.
)
(/usr/local/texlive/2024/texmf-dist/tex/latex/l3backend/l3backend-pdftex.def
File: l3backend-pdftex.def 2024-02-20 L3 backend support: PDF output (pdfTeX)
\l__color_backend_stack_int=\count294
\l__pdf_internal_box=\box58
)
(/private/var/folders/wk/mtx7h62d7bj495h_cqdk6gsr0000gn/T/Rtmp1hY7Si/Rd2pdf24c3
7558a4e2/Rd2.aux)
\openout1 = `Rd2.aux'.

LaTeX Font Info:    Checking defaults for OML/cmm/m/it on input line 8.
LaTeX Font Info:    ... okay on input line 8.
LaTeX Font Info:    Checking defaults for OMS/cmsy/m/n on input line 8.
LaTeX Font Info:    ... okay on input line 8.
LaTeX Font Info:    Checking defaults for OT1/cmr/m/n on input line 8.
LaTeX Font Info:    ... okay on input line 8.
LaTeX Font Info:    Checking defaults for T1/cmr/m/n on input line 8.
LaTeX Font Info:    ... okay on input line 8.
LaTeX Font Info:    Checking defaults for TS1/cmr/m/n on input line 8.
LaTeX Font Info:    ... okay on input line 8.
LaTeX Font Info:    Checking defaults for OMX/cmex/m/n on input line 8.
LaTeX Font Info:    ... okay on input line 8.
LaTeX Font Info:    Checking defaults for U/cmr/m/n on input line 8.
LaTeX Font Info:    ... okay on input line 8.
LaTeX Font Info:    Checking defaults for PD1/pdf/m/n on input line 8.
LaTeX Font Info:    ... okay on input line 8.
LaTeX Font Info:    Checking defaults for PU/pdf/m/n on input line 8.
LaTeX Font Info:    ... okay on input line 8.

(/usr/local/texlive/2024/texmf-dist/tex/context/base/mkii/supp-pdf.mkii
[Loading MPS to PDF converter (version 2006.09.02).]
\scratchcounter=\count295
\scratchdimen=\dimen155
\scratchbox=\box59
\nofMPsegments=\count296
\nofMParguments=\count297
\everyMPshowfont=\toks27
\MPscratchCnt=\count298
\MPscratchDim=\dimen156
\MPnumerator=\count299
\makeMPintoPDFobject=\count300
\everyMPtoPDFconversion=\toks28
)
Package hyperref Info: Link coloring ON on input line 8.

(/private/var/folders/wk/mtx7h62d7bj495h_cqdk6gsr0000gn/T/Rtmp1hY7Si/Rd2pdf24c3
7558a4e2/Rd2.out)
(/private/var/folders/wk/mtx7h62d7bj495h_cqdk6gsr0000gn/T/Rtmp1hY7Si/Rd2pdf24c3
7558a4e2/Rd2.out)
\@outlinefile=\write4
\openout4 = `Rd2.out'.

LaTeX Font Info:    Trying to load font information for T1+zi4 on input line 32
.

(/usr/local/texlive/2024/texmf-dist/tex/latex/inconsolata/t1zi4.fd
File: t1zi4.fd 2018/01/14 T1/zi4 (Inconsolata)
)
LaTeX Font Info:    Font shape `T1/zi4/m/n' will be
(Font)              scaled to size 10.0pt on input line 32.
LaTeX Font Info:    Trying to load font information for U+msa on input line 32.


(/usr/local/texlive/2024/texmf-dist/tex/latex/amsfonts/umsa.fd
File: umsa.fd 2013/01/14 v3.01 AMS symbols A
)
LaTeX Font Info:    Trying to load font information for U+msb on input line 32.


(/usr/local/texlive/2024/texmf-dist/tex/latex/amsfonts/umsb.fd
File: umsb.fd 2013/01/14 v3.01 AMS symbols B
)
LaTeX Font Info:    Trying to load font information for U+rsfs on input line 32
.

(/usr/local/texlive/2024/texmf-dist/tex/latex/jknapltx/ursfs.fd
File: ursfs.fd 1998/03/24 rsfs font definition file (jk)
)
(/private/var/folders/wk/mtx7h62d7bj495h_cqdk6gsr0000gn/T/Rtmp1hY7Si/Rd2pdf24c3
7558a4e2/Rd2.toc)
\tf@toc=\write5
\openout5 = `Rd2.toc'.

 [1


{/usr/local/texlive/2024/texmf-var/fonts/map/pdftex/updmap/pdftex.map}{/usr/loc
al/texlive/2024/texmf-dist/fonts/enc/dvips/base/8r.enc}{/usr/local/texlive/2024
/texmf-dist/fonts/enc/dvips/inconsolata/i4-t1-0.enc}]
Underfull \hbox (badness 10000) in paragraph at lines 55--56

 []

LaTeX Font Info:    Trying to load font information for TS1+ptm on input line 5
8.
(/usr/local/texlive/2024/texmf-dist/tex/latex/psnfss/ts1ptm.fd
File: ts1ptm.fd 2001/06/04 font definitions for TS1/ptm.
)
LaTeX Font Info:    Trying to load font information for TS1+zi4 on input line 5
8.

(/usr/local/texlive/2024/texmf-dist/tex/latex/inconsolata/ts1zi4.fd
File: ts1zi4.fd 2018/01/14 TS1/zi4 (Inconsolata)
)
LaTeX Font Info:    Font shape `TS1/zi4/m/n' will be
(Font)              scaled to size 10.0pt on input line 58.
LaTeX Font Info:    Font shape `T1/zi4/m/n' will be
(Font)              scaled to size 9.0pt on input line 86.
LaTeX Font Info:    Font shape `TS1/zi4/m/n' will be
(Font)              scaled to size 9.0pt on input line 87.
 [2{/usr/local/texlive/2024/texmf-dist/fonts/enc/dvips/inconsolata/i4-ts1.enc}]

Underfull \hbox (badness 10000) in paragraph at lines 118--119

 []


Underfull \hbox (badness 10000) in paragraph at lines 128--129

 []


Overfull \hbox (15.5895pt too wide) in paragraph at lines 135--140
[]\TS1/zi4/m/n/10 '\T1/zi4/m/n/10 custom\TS1/zi4/m/n/10 ' []\T1/ptm/m/n/10 (onl
y ac-cepted when spec-i-fy-ing cus-tom []\T1/zi4/m/n/10 worsening []\T1/ptm/m/n
/10 -- and []\T1/zi4/m/n/10 delta_fun
 []


Overfull \hbox (9.16864pt too wide) in paragraph at lines 144--148
\T1/ptm/m/n/10 dis-ease course, []\TS1/zi4/m/n/10 '\T1/zi4/m/n/10 decrease\TS1/
zi4/m/n/10 ' []\T1/ptm/m/n/10 oth-er-wise). This ar-gu-ment is only used when [
]\T1/zi4/m/n/10 outcome
 []

[3] [4]
Overfull \hbox (14.51942pt too wide) in paragraph at lines 243--244
[]\T1/zi4/m/n/10 "custom" []\T1/ptm/m/n/10 (only ac-cepted when spec-i-fy-ing c
us-tom []\T1/zi4/m/n/10 delta_fun []\T1/ptm/m/n/10 and []\T1/zi4/m/n/10 worseni
ng[]\T1/ptm/m/n/10 ). 
 []


Overfull \hbox (16.478pt too wide) in paragraph at lines 247--251
[]\T1/ptm/m/n/10 Outcome type de-ter-mines a de-fault di-rec-tion of wors-en-in
g (see []\T1/zi4/m/n/10 worsening[]\T1/ptm/m/n/10 argument)
 []

[5]
Overfull \hbox (39.09814pt too wide) in paragraph at lines 295--297
[]\T1/zi4/m/n/10 "roving_impr"[]\T1/ptm/m/n/10 : up-dated af-ter ev-ery CDI (to
 the visit de-ter-mined by []\T1/zi4/m/n/10 proceed_from[]\T1/ptm/m/n/10 );
 []


Overfull \hbox (69.26788pt too wide) in paragraph at lines 306--307
[]\T1/ptm/m/n/10 from the next visit af-ter the first qual-i-fy-ing con-fir-ma-
tion visit if []\T1/zi4/m/n/10 proceed_from="firstconf" 
 []

[6]
Overfull \hbox (14.0004pt too wide) in paragraph at lines 343--353
\T1/ptm/m/n/10 point for []\T1/zi4/m/n/10 outcome []\T1/ptm/m/n/10 if []\T1/zi4
/m/n/10 outcome[i+1]>outcome[i] []\T1/ptm/m/n/10 and []\T1/zi4/m/n/10 outcome[i
-1]>outcome[i][]\T1/ptm/m/n/10 ;
 []


Overfull \hbox (194.34068pt too wide) in paragraph at lines 343--353
[]\T1/zi4/m/n/10 outcome []\T1/ptm/m/n/10 if []\T1/zi4/m/n/10 outcome[i+1]-outc
ome[i]>=delta_fun(outcome[i])[]\T1/ptm/m/n/10 ; []\T1/zi4/m/n/10 outcome[i-1]-o
utcome[i]>=delta_fun(outcome[i])[]\T1/ptm/m/n/10 .
 []


Overfull \hbox (1.48894pt too wide) in paragraph at lines 379--384
\T1/ptm/m/n/10 fir-ma-tion visit (and \T1/ptm/m/it/10 only at the end \T1/ptm/m
/n/10 of the pe-riod de-fined by []\T1/zi4/m/n/10 require_sust_days[]\T1/ptm/m/
n/10 ,
 []

[7]
Overfull \hbox (51.34917pt too wide) in paragraph at lines 423--429
\T1/ptm/m/n/10 never im-puted if []\T1/zi4/m/n/10 impute_last_visit=0[]\T1/ptm/
m/n/10 ; they are al-ways im-puted if []\T1/zi4/m/n/10 impute_last_visit=1[]\T1
/ptm/m/n/10 ;
 []


Overfull \hbox (4.45906pt too wide) in paragraph at lines 448--449
[]\T1/ptm/m/n/10 the con-fir-ma-tion visit(s) ([]\TS1/zi4/m/n/10 '\T1/zi4/m/n/1
0 conf<c>_date\TS1/zi4/m/n/10 '[]\T1/ptm/m/n/10 /[]\TS1/zi4/m/n/10 '\T1/zi4/m/n
/10 PIRA_conf<c>_date\TS1/zi4/m/n/10 ' []\T1/ptm/m/n/10 columns
 []

[8]
Overfull \hbox (14.45906pt too wide) in paragraph at lines 459--460
[]\T1/ptm/m/n/10 the con-fir-ma-tion visit(s) ([]\TS1/zi4/m/n/10 '\T1/zi4/m/n/1
0 conf<c>_value\TS1/zi4/m/n/10 '[]\T1/ptm/m/n/10 /[]\TS1/zi4/m/n/10 '\T1/zi4/m/
n/10 PIRA_conf<c>_value\TS1/zi4/m/n/10 ' []\T1/ptm/m/n/10 columns
 []


Underfull \hbox (badness 10000) in paragraph at lines 495--502

 []


Overfull \hbox (36.76248pt too wide) in paragraph at lines 507--507
 []\T1/zi4/m/n/9 output <- MSprog(toydata_visits, subj_col=\TS1/zi4/m/n/9 '\T1/
zi4/m/n/9 id\TS1/zi4/m/n/9 '\T1/zi4/m/n/9 , value_col=\TS1/zi4/m/n/9 '\T1/zi4/m
/n/9 EDSS\TS1/zi4/m/n/9 '\T1/zi4/m/n/9 , date_col=\TS1/zi4/m/n/9 '\T1/zi4/m/n/9
 date\TS1/zi4/m/n/9 '\T1/zi4/m/n/9 , outcome=\TS1/zi4/m/n/9 '\T1/zi4/m/n/9 edss
\TS1/zi4/m/n/9 '\T1/zi4/m/n/9 ,[] 
 []


Overfull \hbox (36.76248pt too wide) in paragraph at lines 513--513
 []\T1/zi4/m/n/9 output <- MSprog(toydata_visits, subj_col=\TS1/zi4/m/n/9 '\T1/
zi4/m/n/9 id\TS1/zi4/m/n/9 '\T1/zi4/m/n/9 , value_col=\TS1/zi4/m/n/9 '\T1/zi4/m
/n/9 SDMT\TS1/zi4/m/n/9 '\T1/zi4/m/n/9 , date_col=\TS1/zi4/m/n/9 '\T1/zi4/m/n/9
 date\TS1/zi4/m/n/9 '\T1/zi4/m/n/9 , outcome=\TS1/zi4/m/n/9 '\T1/zi4/m/n/9 sdmt
\TS1/zi4/m/n/9 '\T1/zi4/m/n/9 ,[] 
 []

[9]
Overfull \hbox (36.76248pt too wide) in paragraph at lines 520--520
 []\T1/zi4/m/n/9 output <- MSprog(toydata_visits, subj_col=\TS1/zi4/m/n/9 '\T1/
zi4/m/n/9 id\TS1/zi4/m/n/9 '\T1/zi4/m/n/9 , value_col=\TS1/zi4/m/n/9 '\T1/zi4/m
/n/9 SDMT\TS1/zi4/m/n/9 '\T1/zi4/m/n/9 , date_col=\TS1/zi4/m/n/9 '\T1/zi4/m/n/9
 date\TS1/zi4/m/n/9 '\T1/zi4/m/n/9 , outcome=\TS1/zi4/m/n/9 '\T1/zi4/m/n/9 sdmt
\TS1/zi4/m/n/9 '\T1/zi4/m/n/9 ,[] 
 []

[10]
Overfull \hbox (7.01794pt too wide) in paragraph at lines 586--588
[]\T1/ptm/m/n/10 For PIRA events, date of \T1/zi4/m/n/10 <conf_days>\T1/ptm/m/n
/10 -day con-fir-ma-tion visit (could
 []

[11]
Overfull \hbox (24.99966pt too wide) in paragraph at lines 662--666
\T1/ptm/m/n/10 from the event score (i.e., []\T1/zi4/m/n/10 i []\T1/ptm/m/n/10 
such that []\T1/zi4/m/n/10 outcome[event] - outcome[i] >= delta_fun(outcome[i])
[]\T1/ptm/m/n/10 ,
 []

[12]
Overfull \hbox (11.66826pt too wide) in paragraph at lines 707--710
\T1/ptm/m/n/10 score dis-tance from the event score, i.e., the last visit []\T1
/zi4/m/n/10 i []\T1/ptm/m/n/10 where []\T1/zi4/m/n/10 outcome[event]
 []


Underfull \hbox (badness 10000) in paragraph at lines 742--749

 []

[13] [14] [15] [16]
Overfull \hbox (51.34917pt too wide) in paragraph at lines 920--926
\T1/ptm/m/n/10 never im-puted if []\T1/zi4/m/n/10 impute_last_visit=0[]\T1/ptm/
m/n/10 ; they are al-ways im-puted if []\T1/zi4/m/n/10 impute_last_visit=1[]\T1
/ptm/m/n/10 ;
 []

[17]
(/private/var/folders/wk/mtx7h62d7bj495h_cqdk6gsr0000gn/T/Rtmp1hY7Si/Rd2pdf24c3
7558a4e2/Rd2.ind [18] [19


])
(/private/var/folders/wk/mtx7h62d7bj495h_cqdk6gsr0000gn/T/Rtmp1hY7Si/Rd2pdf24c3
7558a4e2/Rd2.aux)
 ***********
LaTeX2e <2023-11-01> patch level 1
L3 programming layer <2024-02-20>
 ***********
Package rerunfilecheck Info: File `Rd2.out' has not changed.
(rerunfilecheck)             Checksum: 46EBF436E1C96B9F5AD160026A4E3516;1245.
 ) 
Here is how much of TeX's memory you used:
 10624 strings out of 474116
 161032 string characters out of 5743683
 1940187 words of memory out of 5000000
 32710 multiletter control sequences out of 15000+600000
 592514 words of font info for 81 fonts, out of 8000000 for 9000
 1141 hyphenation exceptions out of 8191
 92i,5n,95p,326b,735s stack positions out of 10000i,1000n,20000p,200000b,200000s

pdfTeX warning (dest): name{Rfn.as.Date} has been referenced but does not exist
, replaced by a fixed one


pdfTeX warning (dest): name{Rfn.strptime} has been referenced but does not exis
t, replaced by a fixed one

</usr/local/texlive/2024/texmf-dist/fonts/type1/public/inconsolata/Inconsolata-
zi4r.pfb></usr/local/texlive/2024/texmf-dist/fonts/type1/public/amsfonts/cm/cms
y10.pfb></usr/local/texlive/2024/texmf-dist/fonts/type1/urw/times/utmb8a.pfb></
usr/local/texlive/2024/texmf-dist/fonts/type1/urw/times/utmr8a.pfb></usr/local/
texlive/2024/texmf-dist/fonts/type1/urw/times/utmr8a.pfb></usr/local/texlive/20
24/texmf-dist/fonts/type1/urw/times/utmri8a.pfb>
Output written on Rd2.pdf (19 pages, 134211 bytes).
PDF statistics:
 300 PDF objects out of 1000 (max. 8388607)
 263 compressed objects within 3 object streams
 91 named destinations out of 1000 (max. 500000)
 81 words of extra memory for PDF output out of 10000 (max. 10000000)

