Hmm ... looks like a package
Converting parsed Rd's to LaTeX 
Creating pdf output from LaTeX ...

This is pdfTeX, Version 3.141592653-2.6-1.40.26 (TeX Live 2024) (preloaded format=pdflatex)
 restricted \write18 enabled.
entering extended mode
LaTeX2e <2023-11-01> patch level 1
L3 programming layer <2024-02-20>
(./Rd2.tex
(/usr/local/texlive/2024/texmf-dist/tex/latex/base/book.cls
Document Class: book 2023/05/17 v1.4n Standard LaTeX document class
(/usr/local/texlive/2024/texmf-dist/tex/latex/base/bk10.clo))
(/Library/Frameworks/R.framework/Resources/share/texmf/tex/latex/Rd.sty
(/usr/local/texlive/2024/texmf-dist/tex/latex/base/ifthen.sty)
(/usr/local/texlive/2024/texmf-dist/tex/generic/iftex/iftex.sty)
(/usr/local/texlive/2024/texmf-dist/tex/latex/tools/longtable.sty)
(/usr/local/texlive/2024/texmf-dist/tex/latex/tools/bm.sty)
(/usr/local/texlive/2024/texmf-dist/tex/latex/base/alltt.sty)
(/usr/local/texlive/2024/texmf-dist/tex/latex/tools/verbatim.sty)
(/usr/local/texlive/2024/texmf-dist/tex/latex/url/url.sty)
(/usr/local/texlive/2024/texmf-dist/tex/latex/base/textcomp.sty)
(/usr/local/texlive/2024/texmf-dist/tex/latex/amsmath/amsmath.sty
For additional information on amsmath, use the `?' option.
(/usr/local/texlive/2024/texmf-dist/tex/latex/amsmath/amstext.sty
(/usr/local/texlive/2024/texmf-dist/tex/latex/amsmath/amsgen.sty))
(/usr/local/texlive/2024/texmf-dist/tex/latex/amsmath/amsbsy.sty)
(/usr/local/texlive/2024/texmf-dist/tex/latex/amsmath/amsopn.sty))
(/usr/local/texlive/2024/texmf-dist/tex/latex/amsfonts/amsfonts.sty)
(/usr/local/texlive/2024/texmf-dist/tex/latex/amsfonts/amssymb.sty)
(/usr/local/texlive/2024/texmf-dist/tex/latex/jknapltx/mathrsfs.sty)
(/usr/local/texlive/2024/texmf-dist/tex/latex/base/fontenc.sty)
(/usr/local/texlive/2024/texmf-dist/tex/latex/psnfss/times.sty)
(/usr/local/texlive/2024/texmf-dist/tex/latex/inconsolata/zi4.sty
`inconsolata-zi4' v1.12, 2019/05/17 Text macros for Inconsolata (msharpe)
(/usr/local/texlive/2024/texmf-dist/tex/latex/xkeyval/xkeyval.sty
(/usr/local/texlive/2024/texmf-dist/tex/generic/xkeyval/xkeyval.tex
(/usr/local/texlive/2024/texmf-dist/tex/generic/xkeyval/xkvutils.tex
(/usr/local/texlive/2024/texmf-dist/tex/generic/xkeyval/keyval.tex)))))
(/usr/local/texlive/2024/texmf-dist/tex/latex/graphics/color.sty
(/usr/local/texlive/2024/texmf-dist/tex/latex/graphics-cfg/color.cfg)
(/usr/local/texlive/2024/texmf-dist/tex/latex/graphics-def/pdftex.def)
(/usr/local/texlive/2024/texmf-dist/tex/latex/graphics/mathcolor.ltx))
(/usr/local/texlive/2024/texmf-dist/tex/latex/hyperref/hyperref.sty
(/usr/local/texlive/2024/texmf-dist/tex/latex/kvsetkeys/kvsetkeys.sty)
(/usr/local/texlive/2024/texmf-dist/tex/generic/kvdefinekeys/kvdefinekeys.sty)
(/usr/local/texlive/2024/texmf-dist/tex/generic/pdfescape/pdfescape.sty
(/usr/local/texlive/2024/texmf-dist/tex/generic/ltxcmds/ltxcmds.sty)
(/usr/local/texlive/2024/texmf-dist/tex/generic/pdftexcmds/pdftexcmds.sty
(/usr/local/texlive/2024/texmf-dist/tex/generic/infwarerr/infwarerr.sty)))
(/usr/local/texlive/2024/texmf-dist/tex/latex/hycolor/hycolor.sty)
(/usr/local/texlive/2024/texmf-dist/tex/latex/auxhook/auxhook.sty)
(/usr/local/texlive/2024/texmf-dist/tex/latex/hyperref/nameref.sty
(/usr/local/texlive/2024/texmf-dist/tex/latex/refcount/refcount.sty)
(/usr/local/texlive/2024/texmf-dist/tex/generic/gettitlestring/gettitlestring.s
ty (/usr/local/texlive/2024/texmf-dist/tex/latex/kvoptions/kvoptions.sty)))
(/usr/local/texlive/2024/texmf-dist/tex/latex/etoolbox/etoolbox.sty)
(/usr/local/texlive/2024/texmf-dist/tex/latex/hyperref/pd1enc.def)
(/usr/local/texlive/2024/texmf-dist/tex/generic/intcalc/intcalc.sty)
(/usr/local/texlive/2024/texmf-dist/tex/latex/hyperref/puenc.def)
(/usr/local/texlive/2024/texmf-dist/tex/generic/bitset/bitset.sty
(/usr/local/texlive/2024/texmf-dist/tex/generic/bigintcalc/bigintcalc.sty))
(/usr/local/texlive/2024/texmf-dist/tex/latex/base/atbegshi-ltx.sty))
(/usr/local/texlive/2024/texmf-dist/tex/latex/hyperref/hpdftex.def
(/usr/local/texlive/2024/texmf-dist/tex/latex/base/atveryend-ltx.sty)
(/usr/local/texlive/2024/texmf-dist/tex/latex/rerunfilecheck/rerunfilecheck.sty

(/usr/local/texlive/2024/texmf-dist/tex/generic/uniquecounter/uniquecounter.sty
)))) (/usr/local/texlive/2024/texmf-dist/tex/latex/base/makeidx.sty)
Writing index file Rd2.idx
(/usr/local/texlive/2024/texmf-dist/tex/latex/psnfss/t1ptm.fd)
(/usr/local/texlive/2024/texmf-dist/tex/latex/l3backend/l3backend-pdftex.def)
No file Rd2.aux.
(/usr/local/texlive/2024/texmf-dist/tex/context/base/mkii/supp-pdf.mkii
[Loading MPS to PDF converter (version 2006.09.02).]
) (/usr/local/texlive/2024/texmf-dist/tex/latex/inconsolata/t1zi4.fd)
(/usr/local/texlive/2024/texmf-dist/tex/latex/amsfonts/umsa.fd)
(/usr/local/texlive/2024/texmf-dist/tex/latex/amsfonts/umsb.fd)
(/usr/local/texlive/2024/texmf-dist/tex/latex/jknapltx/ursfs.fd)
No file Rd2.toc.
[1{/usr/local/texlive/2024/texmf-var/fonts/map/pdftex/updmap/pdftex.map}{/usr/l
ocal/texlive/2024/texmf-dist/fonts/enc/dvips/base/8r.enc}{/usr/local/texlive/20
24/texmf-dist/fonts/enc/dvips/inconsolata/i4-t1-0.enc}]
Underfull \hbox (badness 10000) in paragraph at lines 57--58

(/usr/local/texlive/2024/texmf-dist/tex/latex/psnfss/ts1ptm.fd)
(/usr/local/texlive/2024/texmf-dist/tex/latex/inconsolata/ts1zi4.fd)
Underfull \hbox (badness 10000) in paragraph at lines 115--116

[2{/usr/local/texlive/2024/texmf-dist/fonts/enc/dvips/inconsolata/i4-ts1.enc}]
Underfull \hbox (badness 10000) in paragraph at lines 125--126


Overfull \hbox (9.16864pt too wide) in paragraph at lines 141--145
\T1/ptm/m/n/10 dis-ease course, []\TS1/zi4/m/n/10 '\T1/zi4/m/n/10 decrease\TS1/
zi4/m/n/10 ' []\T1/ptm/m/n/10 oth-er-wise). This ar-gu-ment is only used when [
]\T1/zi4/m/n/10 outcome

Overfull \hbox (16.30835pt too wide) in paragraph at lines 141--145
[]\T1/ptm/m/n/10 is set to []\T1/zi4/m/n/10 NULL[]\T1/ptm/m/n/10 . If []\T1/zi4
/m/n/10 outcome []\T1/ptm/m/n/10 is spec-i-fied, []\T1/zi4/m/n/10 worsening []\
T1/ptm/m/n/10 is au-to-mat-i-cally set to []\TS1/zi4/m/n/10 '\T1/zi4/m/n/10 inc
rease\TS1/zi4/m/n/10 '
[3] [4]
Overfull \hbox (16.478pt too wide) in paragraph at lines 243--247
[]\T1/ptm/m/n/10 Outcome type de-ter-mines a de-fault di-rec-tion of wors-en-in
g (see []\T1/zi4/m/n/10 worsening[]\T1/ptm/m/n/10 argument)

Overfull \hbox (4.72852pt too wide) in paragraph at lines 265--269
[]\T1/zi4/m/n/10 outcome []\T1/ptm/m/n/10 is set to []\T1/zi4/m/n/10 NULL[]\T1/
ptm/m/n/10 . Oth-er-wise, []\T1/zi4/m/n/10 worsening []\T1/ptm/m/n/10 is au-to-
mat-i-cally set to []\TS1/zi4/m/n/10 '\T1/zi4/m/n/10 increase\TS1/zi4/m/n/10 '

Overfull \hbox (39.09814pt too wide) in paragraph at lines 291--293
[]\TS1/zi4/m/n/10 '\T1/zi4/m/n/10 roving_impr\TS1/zi4/m/n/10 '[]\T1/ptm/m/n/10 
: up-dated af-ter ev-ery CDI (to the visit de-ter-mined by []\T1/zi4/m/n/10 pro
ceed_from[]\T1/ptm/m/n/10 );
[5]
Overfull \hbox (69.26788pt too wide) in paragraph at lines 302--303
[]\T1/ptm/m/n/10 from the next visit af-ter the first qual-i-fy-ing con-fir-ma-
tion visit if []\T1/zi4/m/n/10 proceed_from=\TS1/zi4/m/n/10 '\T1/zi4/m/n/10 fir
stconf\TS1/zi4/m/n/10 ' 

Overfull \hbox (14.0004pt too wide) in paragraph at lines 339--349
\T1/ptm/m/n/10 point for []\T1/zi4/m/n/10 outcome []\T1/ptm/m/n/10 if []\T1/zi4
/m/n/10 outcome[i+1]>outcome[i] []\T1/ptm/m/n/10 and []\T1/zi4/m/n/10 outcome[i
-1]>outcome[i][]\T1/ptm/m/n/10 ;

Overfull \hbox (194.34068pt too wide) in paragraph at lines 339--349
[]\T1/zi4/m/n/10 outcome []\T1/ptm/m/n/10 if []\T1/zi4/m/n/10 outcome[i+1]-outc
ome[i]>=delta_fun(outcome[i])[]\T1/ptm/m/n/10 ; []\T1/zi4/m/n/10 outcome[i-1]-o
utcome[i]>=delta_fun(outcome[i])[]\T1/ptm/m/n/10 .
[6]
Overfull \hbox (1.48894pt too wide) in paragraph at lines 375--380
\T1/ptm/m/n/10 fir-ma-tion visit (and \T1/ptm/m/it/10 only at the end \T1/ptm/m
/n/10 of the pe-riod de-fined by []\T1/zi4/m/n/10 require_sust_days[]\T1/ptm/m/
n/10 ,
[7]
Overfull \hbox (51.34917pt too wide) in paragraph at lines 419--425
\T1/ptm/m/n/10 never im-puted if []\T1/zi4/m/n/10 impute_last_visit=0[]\T1/ptm/
m/n/10 ; they are al-ways im-puted if []\T1/zi4/m/n/10 impute_last_visit=1[]\T1
/ptm/m/n/10 ;

Overfull \hbox (0.30913pt too wide) in paragraph at lines 441--443
[]\T1/ptm/m/n/10 If []\T1/zi4/m/n/10 TRUE[]\T1/ptm/m/n/10 , []\T1/zi4/m/n/10 ou
tput$results []\T1/ptm/m/n/10 will in-clude the out-come value at each event ([
]\TS1/zi4/m/n/10 '\T1/zi4/m/n/10 value\TS1/zi4/m/n/10 '

Overfull \hbox (44.94855pt too wide) in paragraph at lines 460--468
\T1/ptm/m/n/10 win-dows for con-fir-ma-tion vis-its are de-ter-mined by ar-gu-m
ents []\T1/zi4/m/n/10 conf_days[]\T1/ptm/m/n/10 , []\T1/zi4/m/n/10 conf_tol_day
s[]\T1/ptm/m/n/10 , []\T1/zi4/m/n/10 relapse_to_conf[]\T1/ptm/m/n/10 .
[8]
Underfull \hbox (badness 10000) in paragraph at lines 485--492


Overfull \hbox (36.76248pt too wide) in paragraph at lines 497--497
 []\T1/zi4/m/n/9 output <- MSprog(toydata_visits, subj_col=\TS1/zi4/m/n/9 '\T1/
zi4/m/n/9 id\TS1/zi4/m/n/9 '\T1/zi4/m/n/9 , value_col=\TS1/zi4/m/n/9 '\T1/zi4/m
/n/9 EDSS\TS1/zi4/m/n/9 '\T1/zi4/m/n/9 , date_col=\TS1/zi4/m/n/9 '\T1/zi4/m/n/9
 date\TS1/zi4/m/n/9 '\T1/zi4/m/n/9 , outcome=\TS1/zi4/m/n/9 '\T1/zi4/m/n/9 edss
\TS1/zi4/m/n/9 '\T1/zi4/m/n/9 ,[] 

Overfull \hbox (36.76248pt too wide) in paragraph at lines 503--503
 []\T1/zi4/m/n/9 output <- MSprog(toydata_visits, subj_col=\TS1/zi4/m/n/9 '\T1/
zi4/m/n/9 id\TS1/zi4/m/n/9 '\T1/zi4/m/n/9 , value_col=\TS1/zi4/m/n/9 '\T1/zi4/m
/n/9 SDMT\TS1/zi4/m/n/9 '\T1/zi4/m/n/9 , date_col=\TS1/zi4/m/n/9 '\T1/zi4/m/n/9
 date\TS1/zi4/m/n/9 '\T1/zi4/m/n/9 , outcome=\TS1/zi4/m/n/9 '\T1/zi4/m/n/9 sdmt
\TS1/zi4/m/n/9 '\T1/zi4/m/n/9 ,[] 

Overfull \hbox (36.76248pt too wide) in paragraph at lines 510--510
 []\T1/zi4/m/n/9 output <- MSprog(toydata_visits, subj_col=\TS1/zi4/m/n/9 '\T1/
zi4/m/n/9 id\TS1/zi4/m/n/9 '\T1/zi4/m/n/9 , value_col=\TS1/zi4/m/n/9 '\T1/zi4/m
/n/9 SDMT\TS1/zi4/m/n/9 '\T1/zi4/m/n/9 , date_col=\TS1/zi4/m/n/9 '\T1/zi4/m/n/9
 date\TS1/zi4/m/n/9 '\T1/zi4/m/n/9 , outcome=\TS1/zi4/m/n/9 '\T1/zi4/m/n/9 sdmt
\TS1/zi4/m/n/9 '\T1/zi4/m/n/9 ,[] 
[9]
Overfull \hbox (24.99966pt too wide) in paragraph at lines 563--567
\T1/ptm/m/n/10 from the event score (i.e., []\T1/zi4/m/n/10 i []\T1/ptm/m/n/10 
such that []\T1/zi4/m/n/10 outcome[event] - outcome[i] >= delta_fun(outcome[i])
[]\T1/ptm/m/n/10 ,
[10]
Overfull \hbox (11.66826pt too wide) in paragraph at lines 608--611
\T1/ptm/m/n/10 score dis-tance from the event score, i.e., the last visit []\T1
/zi4/m/n/10 i []\T1/ptm/m/n/10 where []\T1/zi4/m/n/10 outcome[event]

Underfull \hbox (badness 10000) in paragraph at lines 643--650

[11] [12] [13]
Overfull \hbox (4.72852pt too wide) in paragraph at lines 786--790
[]\T1/zi4/m/n/10 outcome []\T1/ptm/m/n/10 is set to []\T1/zi4/m/n/10 NULL[]\T1/
ptm/m/n/10 . Oth-er-wise, []\T1/zi4/m/n/10 worsening []\T1/ptm/m/n/10 is au-to-
mat-i-cally set to []\TS1/zi4/m/n/10 '\T1/zi4/m/n/10 increase\TS1/zi4/m/n/10 '

Overfull \hbox (51.34917pt too wide) in paragraph at lines 823--829
\T1/ptm/m/n/10 never im-puted if []\T1/zi4/m/n/10 impute_last_visit=0[]\T1/ptm/
m/n/10 ; they are al-ways im-puted if []\T1/zi4/m/n/10 impute_last_visit=1[]\T1
/ptm/m/n/10 ;
[14]
No file Rd2.ind.
[15]
(/private/var/folders/wk/mtx7h62d7bj495h_cqdk6gsr0000gn/T/RtmpzTgiK7/Rd2pdf432a
327be28a/Rd2.aux)

Package rerunfilecheck Warning: File `Rd2.out' has changed.
(rerunfilecheck)                Rerun to get outlines right
(rerunfilecheck)                or use package `bookmark'.

 )
(see the transcript file for additional information)
pdfTeX warning (dest): name{Rfn.as.Date} has been referenced but does not exist
, replaced by a fixed one


pdfTeX warning (dest): name{Rfn.strptime} has been referenced but does not exis
t, replaced by a fixed one

</usr/local/texlive/2024/texmf-dist/fonts/type1/public/inconsolata/Inconsolata-
zi4r.pfb></usr/local/texlive/2024/texmf-dist/fonts/type1/urw/times/utmb8a.pfb><
/usr/local/texlive/2024/texmf-dist/fonts/type1/urw/times/utmr8a.pfb></usr/local
/texlive/2024/texmf-dist/fonts/type1/urw/times/utmr8a.pfb></usr/local/texlive/2
024/texmf-dist/fonts/type1/urw/times/utmri8a.pfb>
Output written on Rd2.pdf (15 pages, 116162 bytes).
Transcript written on Rd2.log.
This is makeindex, version 2.17 [TeX Live 2024] (kpathsea + Thai support).
Scanning input file Rd2.idx....done (26 entries accepted, 0 rejected).
Sorting entries....done (134 comparisons).
Generating output file Rd2.ind....done (52 lines written, 1 warning).
Output written in Rd2.ind.
Transcript written in Rd2.ilg.
This is pdfTeX, Version 3.141592653-2.6-1.40.26 (TeX Live 2024) (preloaded format=pdflatex)
 restricted \write18 enabled.
entering extended mode
LaTeX2e <2023-11-01> patch level 1
L3 programming layer <2024-02-20>
(./Rd2.tex
(/usr/local/texlive/2024/texmf-dist/tex/latex/base/book.cls
Document Class: book 2023/05/17 v1.4n Standard LaTeX document class
(/usr/local/texlive/2024/texmf-dist/tex/latex/base/bk10.clo))
(/Library/Frameworks/R.framework/Resources/share/texmf/tex/latex/Rd.sty
(/usr/local/texlive/2024/texmf-dist/tex/latex/base/ifthen.sty)
(/usr/local/texlive/2024/texmf-dist/tex/generic/iftex/iftex.sty)
(/usr/local/texlive/2024/texmf-dist/tex/latex/tools/longtable.sty)
(/usr/local/texlive/2024/texmf-dist/tex/latex/tools/bm.sty)
(/usr/local/texlive/2024/texmf-dist/tex/latex/base/alltt.sty)
(/usr/local/texlive/2024/texmf-dist/tex/latex/tools/verbatim.sty)
(/usr/local/texlive/2024/texmf-dist/tex/latex/url/url.sty)
(/usr/local/texlive/2024/texmf-dist/tex/latex/base/textcomp.sty)
(/usr/local/texlive/2024/texmf-dist/tex/latex/amsmath/amsmath.sty
For additional information on amsmath, use the `?' option.
(/usr/local/texlive/2024/texmf-dist/tex/latex/amsmath/amstext.sty
(/usr/local/texlive/2024/texmf-dist/tex/latex/amsmath/amsgen.sty))
(/usr/local/texlive/2024/texmf-dist/tex/latex/amsmath/amsbsy.sty)
(/usr/local/texlive/2024/texmf-dist/tex/latex/amsmath/amsopn.sty))
(/usr/local/texlive/2024/texmf-dist/tex/latex/amsfonts/amsfonts.sty)
(/usr/local/texlive/2024/texmf-dist/tex/latex/amsfonts/amssymb.sty)
(/usr/local/texlive/2024/texmf-dist/tex/latex/jknapltx/mathrsfs.sty)
(/usr/local/texlive/2024/texmf-dist/tex/latex/base/fontenc.sty)
(/usr/local/texlive/2024/texmf-dist/tex/latex/psnfss/times.sty)
(/usr/local/texlive/2024/texmf-dist/tex/latex/inconsolata/zi4.sty
`inconsolata-zi4' v1.12, 2019/05/17 Text macros for Inconsolata (msharpe)
(/usr/local/texlive/2024/texmf-dist/tex/latex/xkeyval/xkeyval.sty
(/usr/local/texlive/2024/texmf-dist/tex/generic/xkeyval/xkeyval.tex
(/usr/local/texlive/2024/texmf-dist/tex/generic/xkeyval/xkvutils.tex
(/usr/local/texlive/2024/texmf-dist/tex/generic/xkeyval/keyval.tex)))))
(/usr/local/texlive/2024/texmf-dist/tex/latex/graphics/color.sty
(/usr/local/texlive/2024/texmf-dist/tex/latex/graphics-cfg/color.cfg)
(/usr/local/texlive/2024/texmf-dist/tex/latex/graphics-def/pdftex.def)
(/usr/local/texlive/2024/texmf-dist/tex/latex/graphics/mathcolor.ltx))
(/usr/local/texlive/2024/texmf-dist/tex/latex/hyperref/hyperref.sty
(/usr/local/texlive/2024/texmf-dist/tex/latex/kvsetkeys/kvsetkeys.sty)
(/usr/local/texlive/2024/texmf-dist/tex/generic/kvdefinekeys/kvdefinekeys.sty)
(/usr/local/texlive/2024/texmf-dist/tex/generic/pdfescape/pdfescape.sty
(/usr/local/texlive/2024/texmf-dist/tex/generic/ltxcmds/ltxcmds.sty)
(/usr/local/texlive/2024/texmf-dist/tex/generic/pdftexcmds/pdftexcmds.sty
(/usr/local/texlive/2024/texmf-dist/tex/generic/infwarerr/infwarerr.sty)))
(/usr/local/texlive/2024/texmf-dist/tex/latex/hycolor/hycolor.sty)
(/usr/local/texlive/2024/texmf-dist/tex/latex/auxhook/auxhook.sty)
(/usr/local/texlive/2024/texmf-dist/tex/latex/hyperref/nameref.sty
(/usr/local/texlive/2024/texmf-dist/tex/latex/refcount/refcount.sty)
(/usr/local/texlive/2024/texmf-dist/tex/generic/gettitlestring/gettitlestring.s
ty (/usr/local/texlive/2024/texmf-dist/tex/latex/kvoptions/kvoptions.sty)))
(/usr/local/texlive/2024/texmf-dist/tex/latex/etoolbox/etoolbox.sty)
(/usr/local/texlive/2024/texmf-dist/tex/latex/hyperref/pd1enc.def)
(/usr/local/texlive/2024/texmf-dist/tex/generic/intcalc/intcalc.sty)
(/usr/local/texlive/2024/texmf-dist/tex/latex/hyperref/puenc.def)
(/usr/local/texlive/2024/texmf-dist/tex/generic/bitset/bitset.sty
(/usr/local/texlive/2024/texmf-dist/tex/generic/bigintcalc/bigintcalc.sty))
(/usr/local/texlive/2024/texmf-dist/tex/latex/base/atbegshi-ltx.sty))
(/usr/local/texlive/2024/texmf-dist/tex/latex/hyperref/hpdftex.def
(/usr/local/texlive/2024/texmf-dist/tex/latex/base/atveryend-ltx.sty)
(/usr/local/texlive/2024/texmf-dist/tex/latex/rerunfilecheck/rerunfilecheck.sty

(/usr/local/texlive/2024/texmf-dist/tex/generic/uniquecounter/uniquecounter.sty
)))) (/usr/local/texlive/2024/texmf-dist/tex/latex/base/makeidx.sty)
Writing index file Rd2.idx
(/usr/local/texlive/2024/texmf-dist/tex/latex/psnfss/t1ptm.fd)
(/usr/local/texlive/2024/texmf-dist/tex/latex/l3backend/l3backend-pdftex.def)
(/private/var/folders/wk/mtx7h62d7bj495h_cqdk6gsr0000gn/T/RtmpzTgiK7/Rd2pdf432a
327be28a/Rd2.aux)
(/usr/local/texlive/2024/texmf-dist/tex/context/base/mkii/supp-pdf.mkii
[Loading MPS to PDF converter (version 2006.09.02).]
)
(/private/var/folders/wk/mtx7h62d7bj495h_cqdk6gsr0000gn/T/RtmpzTgiK7/Rd2pdf432a
327be28a/Rd2.out)
(/private/var/folders/wk/mtx7h62d7bj495h_cqdk6gsr0000gn/T/RtmpzTgiK7/Rd2pdf432a
327be28a/Rd2.out)
(/usr/local/texlive/2024/texmf-dist/tex/latex/inconsolata/t1zi4.fd)
(/usr/local/texlive/2024/texmf-dist/tex/latex/amsfonts/umsa.fd)
(/usr/local/texlive/2024/texmf-dist/tex/latex/amsfonts/umsb.fd)
(/usr/local/texlive/2024/texmf-dist/tex/latex/jknapltx/ursfs.fd)
(/private/var/folders/wk/mtx7h62d7bj495h_cqdk6gsr0000gn/T/RtmpzTgiK7/Rd2pdf432a
327be28a/Rd2.toc) [1{/usr/local/texlive/2024/texmf-var/fonts/map/pdftex/updmap/
pdftex.map}{/usr/local/texlive/2024/texmf-dist/fonts/enc/dvips/base/8r.enc}{/us
r/local/texlive/2024/texmf-dist/fonts/enc/dvips/inconsolata/i4-t1-0.enc}]
Underfull \hbox (badness 10000) in paragraph at lines 57--58

(/usr/local/texlive/2024/texmf-dist/tex/latex/psnfss/ts1ptm.fd)
(/usr/local/texlive/2024/texmf-dist/tex/latex/inconsolata/ts1zi4.fd) [2{/usr/lo
cal/texlive/2024/texmf-dist/fonts/enc/dvips/inconsolata/i4-ts1.enc}]
Underfull \hbox (badness 10000) in paragraph at lines 115--116


Underfull \hbox (badness 10000) in paragraph at lines 125--126


Overfull \hbox (9.16864pt too wide) in paragraph at lines 141--145
\T1/ptm/m/n/10 dis-ease course, []\TS1/zi4/m/n/10 '\T1/zi4/m/n/10 decrease\TS1/
zi4/m/n/10 ' []\T1/ptm/m/n/10 oth-er-wise). This ar-gu-ment is only used when [
]\T1/zi4/m/n/10 outcome

Overfull \hbox (16.30835pt too wide) in paragraph at lines 141--145
[]\T1/ptm/m/n/10 is set to []\T1/zi4/m/n/10 NULL[]\T1/ptm/m/n/10 . If []\T1/zi4
/m/n/10 outcome []\T1/ptm/m/n/10 is spec-i-fied, []\T1/zi4/m/n/10 worsening []\
T1/ptm/m/n/10 is au-to-mat-i-cally set to []\TS1/zi4/m/n/10 '\T1/zi4/m/n/10 inc
rease\TS1/zi4/m/n/10 '
[3] [4]
Overfull \hbox (16.478pt too wide) in paragraph at lines 243--247
[]\T1/ptm/m/n/10 Outcome type de-ter-mines a de-fault di-rec-tion of wors-en-in
g (see []\T1/zi4/m/n/10 worsening[]\T1/ptm/m/n/10 argument)

Overfull \hbox (4.72852pt too wide) in paragraph at lines 265--269
[]\T1/zi4/m/n/10 outcome []\T1/ptm/m/n/10 is set to []\T1/zi4/m/n/10 NULL[]\T1/
ptm/m/n/10 . Oth-er-wise, []\T1/zi4/m/n/10 worsening []\T1/ptm/m/n/10 is au-to-
mat-i-cally set to []\TS1/zi4/m/n/10 '\T1/zi4/m/n/10 increase\TS1/zi4/m/n/10 '
[5]
Overfull \hbox (39.09814pt too wide) in paragraph at lines 291--293
[]\TS1/zi4/m/n/10 '\T1/zi4/m/n/10 roving_impr\TS1/zi4/m/n/10 '[]\T1/ptm/m/n/10 
: up-dated af-ter ev-ery CDI (to the visit de-ter-mined by []\T1/zi4/m/n/10 pro
ceed_from[]\T1/ptm/m/n/10 );

Overfull \hbox (69.26788pt too wide) in paragraph at lines 302--303
[]\T1/ptm/m/n/10 from the next visit af-ter the first qual-i-fy-ing con-fir-ma-
tion visit if []\T1/zi4/m/n/10 proceed_from=\TS1/zi4/m/n/10 '\T1/zi4/m/n/10 fir
stconf\TS1/zi4/m/n/10 ' 

Overfull \hbox (14.0004pt too wide) in paragraph at lines 339--349
\T1/ptm/m/n/10 point for []\T1/zi4/m/n/10 outcome []\T1/ptm/m/n/10 if []\T1/zi4
/m/n/10 outcome[i+1]>outcome[i] []\T1/ptm/m/n/10 and []\T1/zi4/m/n/10 outcome[i
-1]>outcome[i][]\T1/ptm/m/n/10 ;

Overfull \hbox (194.34068pt too wide) in paragraph at lines 339--349
[]\T1/zi4/m/n/10 outcome []\T1/ptm/m/n/10 if []\T1/zi4/m/n/10 outcome[i+1]-outc
ome[i]>=delta_fun(outcome[i])[]\T1/ptm/m/n/10 ; []\T1/zi4/m/n/10 outcome[i-1]-o
utcome[i]>=delta_fun(outcome[i])[]\T1/ptm/m/n/10 .
[6]
Overfull \hbox (1.48894pt too wide) in paragraph at lines 375--380
\T1/ptm/m/n/10 fir-ma-tion visit (and \T1/ptm/m/it/10 only at the end \T1/ptm/m
/n/10 of the pe-riod de-fined by []\T1/zi4/m/n/10 require_sust_days[]\T1/ptm/m/
n/10 ,
[7]
Overfull \hbox (51.34917pt too wide) in paragraph at lines 419--425
\T1/ptm/m/n/10 never im-puted if []\T1/zi4/m/n/10 impute_last_visit=0[]\T1/ptm/
m/n/10 ; they are al-ways im-puted if []\T1/zi4/m/n/10 impute_last_visit=1[]\T1
/ptm/m/n/10 ;

Overfull \hbox (0.30913pt too wide) in paragraph at lines 441--443
[]\T1/ptm/m/n/10 If []\T1/zi4/m/n/10 TRUE[]\T1/ptm/m/n/10 , []\T1/zi4/m/n/10 ou
tput$results []\T1/ptm/m/n/10 will in-clude the out-come value at each event ([
]\TS1/zi4/m/n/10 '\T1/zi4/m/n/10 value\TS1/zi4/m/n/10 '

Overfull \hbox (44.94855pt too wide) in paragraph at lines 460--468
\T1/ptm/m/n/10 win-dows for con-fir-ma-tion vis-its are de-ter-mined by ar-gu-m
ents []\T1/zi4/m/n/10 conf_days[]\T1/ptm/m/n/10 , []\T1/zi4/m/n/10 conf_tol_day
s[]\T1/ptm/m/n/10 , []\T1/zi4/m/n/10 relapse_to_conf[]\T1/ptm/m/n/10 .
[8]
Underfull \hbox (badness 10000) in paragraph at lines 485--492


Overfull \hbox (36.76248pt too wide) in paragraph at lines 497--497
 []\T1/zi4/m/n/9 output <- MSprog(toydata_visits, subj_col=\TS1/zi4/m/n/9 '\T1/
zi4/m/n/9 id\TS1/zi4/m/n/9 '\T1/zi4/m/n/9 , value_col=\TS1/zi4/m/n/9 '\T1/zi4/m
/n/9 EDSS\TS1/zi4/m/n/9 '\T1/zi4/m/n/9 , date_col=\TS1/zi4/m/n/9 '\T1/zi4/m/n/9
 date\TS1/zi4/m/n/9 '\T1/zi4/m/n/9 , outcome=\TS1/zi4/m/n/9 '\T1/zi4/m/n/9 edss
\TS1/zi4/m/n/9 '\T1/zi4/m/n/9 ,[] 

Overfull \hbox (36.76248pt too wide) in paragraph at lines 503--503
 []\T1/zi4/m/n/9 output <- MSprog(toydata_visits, subj_col=\TS1/zi4/m/n/9 '\T1/
zi4/m/n/9 id\TS1/zi4/m/n/9 '\T1/zi4/m/n/9 , value_col=\TS1/zi4/m/n/9 '\T1/zi4/m
/n/9 SDMT\TS1/zi4/m/n/9 '\T1/zi4/m/n/9 , date_col=\TS1/zi4/m/n/9 '\T1/zi4/m/n/9
 date\TS1/zi4/m/n/9 '\T1/zi4/m/n/9 , outcome=\TS1/zi4/m/n/9 '\T1/zi4/m/n/9 sdmt
\TS1/zi4/m/n/9 '\T1/zi4/m/n/9 ,[] 

Overfull \hbox (36.76248pt too wide) in paragraph at lines 510--510
 []\T1/zi4/m/n/9 output <- MSprog(toydata_visits, subj_col=\TS1/zi4/m/n/9 '\T1/
zi4/m/n/9 id\TS1/zi4/m/n/9 '\T1/zi4/m/n/9 , value_col=\TS1/zi4/m/n/9 '\T1/zi4/m
/n/9 SDMT\TS1/zi4/m/n/9 '\T1/zi4/m/n/9 , date_col=\TS1/zi4/m/n/9 '\T1/zi4/m/n/9
 date\TS1/zi4/m/n/9 '\T1/zi4/m/n/9 , outcome=\TS1/zi4/m/n/9 '\T1/zi4/m/n/9 sdmt
\TS1/zi4/m/n/9 '\T1/zi4/m/n/9 ,[] 
[9]
Overfull \hbox (24.99966pt too wide) in paragraph at lines 563--567
\T1/ptm/m/n/10 from the event score (i.e., []\T1/zi4/m/n/10 i []\T1/ptm/m/n/10 
such that []\T1/zi4/m/n/10 outcome[event] - outcome[i] >= delta_fun(outcome[i])
[]\T1/ptm/m/n/10 ,
[10]
Overfull \hbox (11.66826pt too wide) in paragraph at lines 608--611
\T1/ptm/m/n/10 score dis-tance from the event score, i.e., the last visit []\T1
/zi4/m/n/10 i []\T1/ptm/m/n/10 where []\T1/zi4/m/n/10 outcome[event]

Underfull \hbox (badness 10000) in paragraph at lines 643--650

[11] [12] [13]
Overfull \hbox (4.72852pt too wide) in paragraph at lines 786--790
[]\T1/zi4/m/n/10 outcome []\T1/ptm/m/n/10 is set to []\T1/zi4/m/n/10 NULL[]\T1/
ptm/m/n/10 . Oth-er-wise, []\T1/zi4/m/n/10 worsening []\T1/ptm/m/n/10 is au-to-
mat-i-cally set to []\TS1/zi4/m/n/10 '\T1/zi4/m/n/10 increase\TS1/zi4/m/n/10 '
[14]
Overfull \hbox (51.34917pt too wide) in paragraph at lines 823--829
\T1/ptm/m/n/10 never im-puted if []\T1/zi4/m/n/10 impute_last_visit=0[]\T1/ptm/
m/n/10 ; they are al-ways im-puted if []\T1/zi4/m/n/10 impute_last_visit=1[]\T1
/ptm/m/n/10 ;
[15]
(/private/var/folders/wk/mtx7h62d7bj495h_cqdk6gsr0000gn/T/RtmpzTgiK7/Rd2pdf432a
327be28a/Rd2.ind [16] [17])
(/private/var/folders/wk/mtx7h62d7bj495h_cqdk6gsr0000gn/T/RtmpzTgiK7/Rd2pdf432a
327be28a/Rd2.aux)

Package rerunfilecheck Warning: File `Rd2.out' has changed.
(rerunfilecheck)                Rerun to get outlines right
(rerunfilecheck)                or use package `bookmark'.

 )
(see the transcript file for additional information)
pdfTeX warning (dest): name{Rfn.as.Date} has been referenced but does not exist
, replaced by a fixed one


pdfTeX warning (dest): name{Rfn.strptime} has been referenced but does not exis
t, replaced by a fixed one

</usr/local/texlive/2024/texmf-dist/fonts/type1/public/inconsolata/Inconsolata-
zi4r.pfb></usr/local/texlive/2024/texmf-dist/fonts/type1/public/amsfonts/cm/cms
y10.pfb></usr/local/texlive/2024/texmf-dist/fonts/type1/urw/times/utmb8a.pfb></
usr/local/texlive/2024/texmf-dist/fonts/type1/urw/times/utmr8a.pfb></usr/local/
texlive/2024/texmf-dist/fonts/type1/urw/times/utmr8a.pfb></usr/local/texlive/20
24/texmf-dist/fonts/type1/urw/times/utmri8a.pfb>
Output written on Rd2.pdf (17 pages, 128407 bytes).
Transcript written on Rd2.log.
This is makeindex, version 2.17 [TeX Live 2024] (kpathsea + Thai support).
Scanning input file Rd2.idx....done (26 entries accepted, 0 rejected).
Sorting entries....done (134 comparisons).
Generating output file Rd2.ind....done (52 lines written, 0 warnings).
Output written in Rd2.ind.
Transcript written in Rd2.ilg.
This is pdfTeX, Version 3.141592653-2.6-1.40.26 (TeX Live 2024) (preloaded format=pdflatex)
 restricted \write18 enabled.
entering extended mode
LaTeX2e <2023-11-01> patch level 1
L3 programming layer <2024-02-20>
(./Rd2.tex
(/usr/local/texlive/2024/texmf-dist/tex/latex/base/book.cls
Document Class: book 2023/05/17 v1.4n Standard LaTeX document class
(/usr/local/texlive/2024/texmf-dist/tex/latex/base/bk10.clo))
(/Library/Frameworks/R.framework/Resources/share/texmf/tex/latex/Rd.sty
(/usr/local/texlive/2024/texmf-dist/tex/latex/base/ifthen.sty)
(/usr/local/texlive/2024/texmf-dist/tex/generic/iftex/iftex.sty)
(/usr/local/texlive/2024/texmf-dist/tex/latex/tools/longtable.sty)
(/usr/local/texlive/2024/texmf-dist/tex/latex/tools/bm.sty)
(/usr/local/texlive/2024/texmf-dist/tex/latex/base/alltt.sty)
(/usr/local/texlive/2024/texmf-dist/tex/latex/tools/verbatim.sty)
(/usr/local/texlive/2024/texmf-dist/tex/latex/url/url.sty)
(/usr/local/texlive/2024/texmf-dist/tex/latex/base/textcomp.sty)
(/usr/local/texlive/2024/texmf-dist/tex/latex/amsmath/amsmath.sty
For additional information on amsmath, use the `?' option.
(/usr/local/texlive/2024/texmf-dist/tex/latex/amsmath/amstext.sty
(/usr/local/texlive/2024/texmf-dist/tex/latex/amsmath/amsgen.sty))
(/usr/local/texlive/2024/texmf-dist/tex/latex/amsmath/amsbsy.sty)
(/usr/local/texlive/2024/texmf-dist/tex/latex/amsmath/amsopn.sty))
(/usr/local/texlive/2024/texmf-dist/tex/latex/amsfonts/amsfonts.sty)
(/usr/local/texlive/2024/texmf-dist/tex/latex/amsfonts/amssymb.sty)
(/usr/local/texlive/2024/texmf-dist/tex/latex/jknapltx/mathrsfs.sty)
(/usr/local/texlive/2024/texmf-dist/tex/latex/base/fontenc.sty)
(/usr/local/texlive/2024/texmf-dist/tex/latex/psnfss/times.sty)
(/usr/local/texlive/2024/texmf-dist/tex/latex/inconsolata/zi4.sty
`inconsolata-zi4' v1.12, 2019/05/17 Text macros for Inconsolata (msharpe)
(/usr/local/texlive/2024/texmf-dist/tex/latex/xkeyval/xkeyval.sty
(/usr/local/texlive/2024/texmf-dist/tex/generic/xkeyval/xkeyval.tex
(/usr/local/texlive/2024/texmf-dist/tex/generic/xkeyval/xkvutils.tex
(/usr/local/texlive/2024/texmf-dist/tex/generic/xkeyval/keyval.tex)))))
(/usr/local/texlive/2024/texmf-dist/tex/latex/graphics/color.sty
(/usr/local/texlive/2024/texmf-dist/tex/latex/graphics-cfg/color.cfg)
(/usr/local/texlive/2024/texmf-dist/tex/latex/graphics-def/pdftex.def)
(/usr/local/texlive/2024/texmf-dist/tex/latex/graphics/mathcolor.ltx))
(/usr/local/texlive/2024/texmf-dist/tex/latex/hyperref/hyperref.sty
(/usr/local/texlive/2024/texmf-dist/tex/latex/kvsetkeys/kvsetkeys.sty)
(/usr/local/texlive/2024/texmf-dist/tex/generic/kvdefinekeys/kvdefinekeys.sty)
(/usr/local/texlive/2024/texmf-dist/tex/generic/pdfescape/pdfescape.sty
(/usr/local/texlive/2024/texmf-dist/tex/generic/ltxcmds/ltxcmds.sty)
(/usr/local/texlive/2024/texmf-dist/tex/generic/pdftexcmds/pdftexcmds.sty
(/usr/local/texlive/2024/texmf-dist/tex/generic/infwarerr/infwarerr.sty)))
(/usr/local/texlive/2024/texmf-dist/tex/latex/hycolor/hycolor.sty)
(/usr/local/texlive/2024/texmf-dist/tex/latex/auxhook/auxhook.sty)
(/usr/local/texlive/2024/texmf-dist/tex/latex/hyperref/nameref.sty
(/usr/local/texlive/2024/texmf-dist/tex/latex/refcount/refcount.sty)
(/usr/local/texlive/2024/texmf-dist/tex/generic/gettitlestring/gettitlestring.s
ty (/usr/local/texlive/2024/texmf-dist/tex/latex/kvoptions/kvoptions.sty)))
(/usr/local/texlive/2024/texmf-dist/tex/latex/etoolbox/etoolbox.sty)
(/usr/local/texlive/2024/texmf-dist/tex/latex/hyperref/pd1enc.def)
(/usr/local/texlive/2024/texmf-dist/tex/generic/intcalc/intcalc.sty)
(/usr/local/texlive/2024/texmf-dist/tex/latex/hyperref/puenc.def)
(/usr/local/texlive/2024/texmf-dist/tex/generic/bitset/bitset.sty
(/usr/local/texlive/2024/texmf-dist/tex/generic/bigintcalc/bigintcalc.sty))
(/usr/local/texlive/2024/texmf-dist/tex/latex/base/atbegshi-ltx.sty))
(/usr/local/texlive/2024/texmf-dist/tex/latex/hyperref/hpdftex.def
(/usr/local/texlive/2024/texmf-dist/tex/latex/base/atveryend-ltx.sty)
(/usr/local/texlive/2024/texmf-dist/tex/latex/rerunfilecheck/rerunfilecheck.sty

(/usr/local/texlive/2024/texmf-dist/tex/generic/uniquecounter/uniquecounter.sty
)))) (/usr/local/texlive/2024/texmf-dist/tex/latex/base/makeidx.sty)
Writing index file Rd2.idx
(/usr/local/texlive/2024/texmf-dist/tex/latex/psnfss/t1ptm.fd)
(/usr/local/texlive/2024/texmf-dist/tex/latex/l3backend/l3backend-pdftex.def)
(/private/var/folders/wk/mtx7h62d7bj495h_cqdk6gsr0000gn/T/RtmpzTgiK7/Rd2pdf432a
327be28a/Rd2.aux)
(/usr/local/texlive/2024/texmf-dist/tex/context/base/mkii/supp-pdf.mkii
[Loading MPS to PDF converter (version 2006.09.02).]
)
(/private/var/folders/wk/mtx7h62d7bj495h_cqdk6gsr0000gn/T/RtmpzTgiK7/Rd2pdf432a
327be28a/Rd2.out)
(/private/var/folders/wk/mtx7h62d7bj495h_cqdk6gsr0000gn/T/RtmpzTgiK7/Rd2pdf432a
327be28a/Rd2.out)
(/usr/local/texlive/2024/texmf-dist/tex/latex/inconsolata/t1zi4.fd)
(/usr/local/texlive/2024/texmf-dist/tex/latex/amsfonts/umsa.fd)
(/usr/local/texlive/2024/texmf-dist/tex/latex/amsfonts/umsb.fd)
(/usr/local/texlive/2024/texmf-dist/tex/latex/jknapltx/ursfs.fd)
(/private/var/folders/wk/mtx7h62d7bj495h_cqdk6gsr0000gn/T/RtmpzTgiK7/Rd2pdf432a
327be28a/Rd2.toc) [1{/usr/local/texlive/2024/texmf-var/fonts/map/pdftex/updmap/
pdftex.map}{/usr/local/texlive/2024/texmf-dist/fonts/enc/dvips/base/8r.enc}{/us
r/local/texlive/2024/texmf-dist/fonts/enc/dvips/inconsolata/i4-t1-0.enc}]
Underfull \hbox (badness 10000) in paragraph at lines 57--58

(/usr/local/texlive/2024/texmf-dist/tex/latex/psnfss/ts1ptm.fd)
(/usr/local/texlive/2024/texmf-dist/tex/latex/inconsolata/ts1zi4.fd) [2{/usr/lo
cal/texlive/2024/texmf-dist/fonts/enc/dvips/inconsolata/i4-ts1.enc}]
Underfull \hbox (badness 10000) in paragraph at lines 115--116


Underfull \hbox (badness 10000) in paragraph at lines 125--126


Overfull \hbox (9.16864pt too wide) in paragraph at lines 141--145
\T1/ptm/m/n/10 dis-ease course, []\TS1/zi4/m/n/10 '\T1/zi4/m/n/10 decrease\TS1/
zi4/m/n/10 ' []\T1/ptm/m/n/10 oth-er-wise). This ar-gu-ment is only used when [
]\T1/zi4/m/n/10 outcome

Overfull \hbox (16.30835pt too wide) in paragraph at lines 141--145
[]\T1/ptm/m/n/10 is set to []\T1/zi4/m/n/10 NULL[]\T1/ptm/m/n/10 . If []\T1/zi4
/m/n/10 outcome []\T1/ptm/m/n/10 is spec-i-fied, []\T1/zi4/m/n/10 worsening []\
T1/ptm/m/n/10 is au-to-mat-i-cally set to []\TS1/zi4/m/n/10 '\T1/zi4/m/n/10 inc
rease\TS1/zi4/m/n/10 '
[3] [4]
Overfull \hbox (16.478pt too wide) in paragraph at lines 243--247
[]\T1/ptm/m/n/10 Outcome type de-ter-mines a de-fault di-rec-tion of wors-en-in
g (see []\T1/zi4/m/n/10 worsening[]\T1/ptm/m/n/10 argument)

Overfull \hbox (4.72852pt too wide) in paragraph at lines 265--269
[]\T1/zi4/m/n/10 outcome []\T1/ptm/m/n/10 is set to []\T1/zi4/m/n/10 NULL[]\T1/
ptm/m/n/10 . Oth-er-wise, []\T1/zi4/m/n/10 worsening []\T1/ptm/m/n/10 is au-to-
mat-i-cally set to []\TS1/zi4/m/n/10 '\T1/zi4/m/n/10 increase\TS1/zi4/m/n/10 '
[5]
Overfull \hbox (39.09814pt too wide) in paragraph at lines 291--293
[]\TS1/zi4/m/n/10 '\T1/zi4/m/n/10 roving_impr\TS1/zi4/m/n/10 '[]\T1/ptm/m/n/10 
: up-dated af-ter ev-ery CDI (to the visit de-ter-mined by []\T1/zi4/m/n/10 pro
ceed_from[]\T1/ptm/m/n/10 );

Overfull \hbox (69.26788pt too wide) in paragraph at lines 302--303
[]\T1/ptm/m/n/10 from the next visit af-ter the first qual-i-fy-ing con-fir-ma-
tion visit if []\T1/zi4/m/n/10 proceed_from=\TS1/zi4/m/n/10 '\T1/zi4/m/n/10 fir
stconf\TS1/zi4/m/n/10 ' 

Overfull \hbox (14.0004pt too wide) in paragraph at lines 339--349
\T1/ptm/m/n/10 point for []\T1/zi4/m/n/10 outcome []\T1/ptm/m/n/10 if []\T1/zi4
/m/n/10 outcome[i+1]>outcome[i] []\T1/ptm/m/n/10 and []\T1/zi4/m/n/10 outcome[i
-1]>outcome[i][]\T1/ptm/m/n/10 ;

Overfull \hbox (194.34068pt too wide) in paragraph at lines 339--349
[]\T1/zi4/m/n/10 outcome []\T1/ptm/m/n/10 if []\T1/zi4/m/n/10 outcome[i+1]-outc
ome[i]>=delta_fun(outcome[i])[]\T1/ptm/m/n/10 ; []\T1/zi4/m/n/10 outcome[i-1]-o
utcome[i]>=delta_fun(outcome[i])[]\T1/ptm/m/n/10 .
[6]
Overfull \hbox (1.48894pt too wide) in paragraph at lines 375--380
\T1/ptm/m/n/10 fir-ma-tion visit (and \T1/ptm/m/it/10 only at the end \T1/ptm/m
/n/10 of the pe-riod de-fined by []\T1/zi4/m/n/10 require_sust_days[]\T1/ptm/m/
n/10 ,
[7]
Overfull \hbox (51.34917pt too wide) in paragraph at lines 419--425
\T1/ptm/m/n/10 never im-puted if []\T1/zi4/m/n/10 impute_last_visit=0[]\T1/ptm/
m/n/10 ; they are al-ways im-puted if []\T1/zi4/m/n/10 impute_last_visit=1[]\T1
/ptm/m/n/10 ;

Overfull \hbox (0.30913pt too wide) in paragraph at lines 441--443
[]\T1/ptm/m/n/10 If []\T1/zi4/m/n/10 TRUE[]\T1/ptm/m/n/10 , []\T1/zi4/m/n/10 ou
tput$results []\T1/ptm/m/n/10 will in-clude the out-come value at each event ([
]\TS1/zi4/m/n/10 '\T1/zi4/m/n/10 value\TS1/zi4/m/n/10 '

Overfull \hbox (44.94855pt too wide) in paragraph at lines 460--468
\T1/ptm/m/n/10 win-dows for con-fir-ma-tion vis-its are de-ter-mined by ar-gu-m
ents []\T1/zi4/m/n/10 conf_days[]\T1/ptm/m/n/10 , []\T1/zi4/m/n/10 conf_tol_day
s[]\T1/ptm/m/n/10 , []\T1/zi4/m/n/10 relapse_to_conf[]\T1/ptm/m/n/10 .
[8]
Underfull \hbox (badness 10000) in paragraph at lines 485--492


Overfull \hbox (36.76248pt too wide) in paragraph at lines 497--497
 []\T1/zi4/m/n/9 output <- MSprog(toydata_visits, subj_col=\TS1/zi4/m/n/9 '\T1/
zi4/m/n/9 id\TS1/zi4/m/n/9 '\T1/zi4/m/n/9 , value_col=\TS1/zi4/m/n/9 '\T1/zi4/m
/n/9 EDSS\TS1/zi4/m/n/9 '\T1/zi4/m/n/9 , date_col=\TS1/zi4/m/n/9 '\T1/zi4/m/n/9
 date\TS1/zi4/m/n/9 '\T1/zi4/m/n/9 , outcome=\TS1/zi4/m/n/9 '\T1/zi4/m/n/9 edss
\TS1/zi4/m/n/9 '\T1/zi4/m/n/9 ,[] 

Overfull \hbox (36.76248pt too wide) in paragraph at lines 503--503
 []\T1/zi4/m/n/9 output <- MSprog(toydata_visits, subj_col=\TS1/zi4/m/n/9 '\T1/
zi4/m/n/9 id\TS1/zi4/m/n/9 '\T1/zi4/m/n/9 , value_col=\TS1/zi4/m/n/9 '\T1/zi4/m
/n/9 SDMT\TS1/zi4/m/n/9 '\T1/zi4/m/n/9 , date_col=\TS1/zi4/m/n/9 '\T1/zi4/m/n/9
 date\TS1/zi4/m/n/9 '\T1/zi4/m/n/9 , outcome=\TS1/zi4/m/n/9 '\T1/zi4/m/n/9 sdmt
\TS1/zi4/m/n/9 '\T1/zi4/m/n/9 ,[] 

Overfull \hbox (36.76248pt too wide) in paragraph at lines 510--510
 []\T1/zi4/m/n/9 output <- MSprog(toydata_visits, subj_col=\TS1/zi4/m/n/9 '\T1/
zi4/m/n/9 id\TS1/zi4/m/n/9 '\T1/zi4/m/n/9 , value_col=\TS1/zi4/m/n/9 '\T1/zi4/m
/n/9 SDMT\TS1/zi4/m/n/9 '\T1/zi4/m/n/9 , date_col=\TS1/zi4/m/n/9 '\T1/zi4/m/n/9
 date\TS1/zi4/m/n/9 '\T1/zi4/m/n/9 , outcome=\TS1/zi4/m/n/9 '\T1/zi4/m/n/9 sdmt
\TS1/zi4/m/n/9 '\T1/zi4/m/n/9 ,[] 
[9]
Overfull \hbox (24.99966pt too wide) in paragraph at lines 563--567
\T1/ptm/m/n/10 from the event score (i.e., []\T1/zi4/m/n/10 i []\T1/ptm/m/n/10 
such that []\T1/zi4/m/n/10 outcome[event] - outcome[i] >= delta_fun(outcome[i])
[]\T1/ptm/m/n/10 ,
[10]
Overfull \hbox (11.66826pt too wide) in paragraph at lines 608--611
\T1/ptm/m/n/10 score dis-tance from the event score, i.e., the last visit []\T1
/zi4/m/n/10 i []\T1/ptm/m/n/10 where []\T1/zi4/m/n/10 outcome[event]

Underfull \hbox (badness 10000) in paragraph at lines 643--650

[11] [12] [13]
Overfull \hbox (4.72852pt too wide) in paragraph at lines 786--790
[]\T1/zi4/m/n/10 outcome []\T1/ptm/m/n/10 is set to []\T1/zi4/m/n/10 NULL[]\T1/
ptm/m/n/10 . Oth-er-wise, []\T1/zi4/m/n/10 worsening []\T1/ptm/m/n/10 is au-to-
mat-i-cally set to []\TS1/zi4/m/n/10 '\T1/zi4/m/n/10 increase\TS1/zi4/m/n/10 '
[14]
Overfull \hbox (51.34917pt too wide) in paragraph at lines 823--829
\T1/ptm/m/n/10 never im-puted if []\T1/zi4/m/n/10 impute_last_visit=0[]\T1/ptm/
m/n/10 ; they are al-ways im-puted if []\T1/zi4/m/n/10 impute_last_visit=1[]\T1
/ptm/m/n/10 ;
[15]
(/private/var/folders/wk/mtx7h62d7bj495h_cqdk6gsr0000gn/T/RtmpzTgiK7/Rd2pdf432a
327be28a/Rd2.ind [16] [17])
(/private/var/folders/wk/mtx7h62d7bj495h_cqdk6gsr0000gn/T/RtmpzTgiK7/Rd2pdf432a
327be28a/Rd2.aux) )
(see the transcript file for additional information)
pdfTeX warning (dest): name{Rfn.as.Date} has been referenced but does not exist
, replaced by a fixed one


pdfTeX warning (dest): name{Rfn.strptime} has been referenced but does not exis
t, replaced by a fixed one

</usr/local/texlive/2024/texmf-dist/fonts/type1/public/inconsolata/Inconsolata-
zi4r.pfb></usr/local/texlive/2024/texmf-dist/fonts/type1/public/amsfonts/cm/cms
y10.pfb></usr/local/texlive/2024/texmf-dist/fonts/type1/urw/times/utmb8a.pfb></
usr/local/texlive/2024/texmf-dist/fonts/type1/urw/times/utmr8a.pfb></usr/local/
texlive/2024/texmf-dist/fonts/type1/urw/times/utmr8a.pfb></usr/local/texlive/20
24/texmf-dist/fonts/type1/urw/times/utmri8a.pfb>
Output written on Rd2.pdf (17 pages, 128723 bytes).
Transcript written on Rd2.log.
Saving output to ‘msprog-manual.pdf’ ...
Done
You may want to clean up by 'rm -Rf /var/folders/wk/mtx7h62d7bj495h_cqdk6gsr0000gn/T//RtmpzTgiK7/Rd2pdf432a327be28a'
